{"C:\\Users\\Administrador\\Desktop\\ISI\\Metodologias Ágiles\\ahorcado\\src\\game.js": {"path":"C:\\Users\\Administrador\\Desktop\\ISI\\Metodologias Ágiles\\ahorcado\\src\\game.js","statementMap":{"0":{"start":{"line":2,"column":2},"end":{"line":2,"column":36}},"1":{"start":{"line":5,"column":2},"end":{"line":5,"column":15}},"2":{"start":{"line":7,"column":0},"end":{"line":7,"column":54}}},"fnMap":{"0":{"name":"esPalabraCorrecta","decl":{"start":{"line":1,"column":9},"end":{"line":1,"column":26}},"loc":{"start":{"line":1,"column":52},"end":{"line":3,"column":1}},"line":1},"1":{"name":"contieneLetra","decl":{"start":{"line":4,"column":9},"end":{"line":4,"column":22}},"loc":{"start":{"line":4,"column":25},"end":{"line":6,"column":1}},"line":4}},"branchMap":{},"s":{"0":2,"1":0,"2":1},"f":{"0":2,"1":0},"b":{},"_coverageSchema":"1a1c01bbd47fc00a2c39e90264f33305004495a9","hash":"036e5046e7c1ecf8717adfb60778e4b0b1301f7b"}
}
